<?xml version="1.0" encoding="UTF-8"?>
<testsuite name="com.example.rentalService.RentalServiceApplicationTests" tests="1" skipped="0" failures="0" errors="0" timestamp="2025-01-23T10:24:52" hostname="GILLESGANESH" time="1.157">
  <properties/>
  <testcase name="contextLoads()" classname="com.example.rentalService.RentalServiceApplicationTests" time="1.157"/>
  <system-out><![CDATA[11:24:49.037 [Test worker] INFO org.springframework.test.context.support.AnnotationConfigContextLoaderUtils -- Could not detect default configuration classes for test class [com.example.rentalService.RentalServiceApplicationTests]: RentalServiceApplicationTests does not declare any static, non-private, non-final, nested classes annotated with @Configuration.
11:24:49.334 [Test worker] INFO org.springframework.boot.test.context.SpringBootTestContextBootstrapper -- Found @SpringBootConfiguration com.example.rentalService.RentalServiceApplication for test class com.example.rentalService.RentalServiceApplicationTests

  .   ____          _            __ _ _
 /\\ / ___'_ __ _ _(_)_ __  __ _ \ \ \ \
( ( )\___ | '_ | '_| | '_ \/ _` | \ \ \ \
 \\/  ___)| |_)| | | | | || (_| |  ) ) ) )
  '  |____| .__|_| |_|_| |_\__, | / / / /
 =========|_|==============|___/=/_/_/_/

 :: Spring Boot ::                (v3.4.1)

2025-01-23T11:24:50.143+01:00  INFO 22320 --- [rentalService] [    Test worker] c.e.r.RentalServiceApplicationTests      : Starting RentalServiceApplicationTests using Java 23.0.1 with PID 22320 (started by gggan in C:\Users\gggan\Documents\Master MLSD\Prog Dist\Prog_Dist\rentalService)
2025-01-23T11:24:50.146+01:00  INFO 22320 --- [rentalService] [    Test worker] c.e.r.RentalServiceApplicationTests      : No active profile set, falling back to 1 default profile: "default"
2025-01-23T11:24:52.094+01:00  INFO 22320 --- [rentalService] [    Test worker] c.e.r.RentalServiceApplicationTests      : Started RentalServiceApplicationTests in 2.411 seconds (process running for 5.249)
]]></system-out>
  <system-err><![CDATA[Mockito is currently self-attaching to enable the inline-mock-maker. This will no longer work in future releases of the JDK. Please add Mockito as an agent to your build what is described in Mockito's documentation: https://javadoc.io/doc/org.mockito/mockito-core/latest/org/mockito/Mockito.html#0.3
WARNING: A Java agent has been loaded dynamically (C:\Users\gggan\.gradle\caches\modules-2\files-2.1\net.bytebuddy\byte-buddy-agent\1.15.11\a38b16385e867f59a641330f0362ebe742788ed8\byte-buddy-agent-1.15.11.jar)
WARNING: If a serviceability tool is in use, please run with -XX:+EnableDynamicAgentLoading to hide this warning
WARNING: If a serviceability tool is not in use, please run with -Djdk.instrument.traceUsage for more information
WARNING: Dynamic loading of agents will be disallowed by default in a future release
]]></system-err>
</testsuite>
